<?xml version="1.0" encoding="UTF-8"?>
<testsuite name="com.jojoldu.book.springboot.web.HelloControllerTest" tests="2" skipped="0" failures="0" errors="0" timestamp="2022-09-02T03:43:37" hostname="songjaeheon-ThinkPad-E14-Gen-3" time="0.048">
  <properties/>
  <testcase name="hello가_리턴된다" classname="com.jojoldu.book.springboot.web.HelloControllerTest" time="0.018"/>
  <testcase name="helloDto가_리턴된다" classname="com.jojoldu.book.springboot.web.HelloControllerTest" time="0.03"/>
  <system-out><![CDATA[2022-09-02 12:43:36.442  INFO 10930 --- [    Test worker] .b.t.a.w.s.WebMvcTestContextBootstrapper : Neither @ContextConfiguration nor @ContextHierarchy found for test class [com.jojoldu.book.springboot.web.HelloControllerTest], using SpringBootContextLoader
2022-09-02 12:43:36.443  INFO 10930 --- [    Test worker] o.s.t.c.support.AbstractContextLoader    : Could not detect default resource locations for test class [com.jojoldu.book.springboot.web.HelloControllerTest]: no resource found for suffixes {-context.xml, Context.groovy}.
2022-09-02 12:43:36.443  INFO 10930 --- [    Test worker] t.c.s.AnnotationConfigContextLoaderUtils : Could not detect default configuration classes for test class [com.jojoldu.book.springboot.web.HelloControllerTest]: HelloControllerTest does not declare any static, non-private, non-final, nested classes annotated with @Configuration.
2022-09-02 12:43:36.459  INFO 10930 --- [    Test worker] .b.t.c.SpringBootTestContextBootstrapper : Found @SpringBootConfiguration com.jojoldu.book.springboot.Application for test class com.jojoldu.book.springboot.web.HelloControllerTest
2022-09-02 12:43:36.460  INFO 10930 --- [    Test worker] .b.t.a.w.s.WebMvcTestContextBootstrapper : Loaded default TestExecutionListener class names from location [META-INF/spring.factories]: [org.springframework.security.test.context.support.WithSecurityContextTestExecutionListener, org.springframework.security.test.context.support.ReactorContextTestExecutionListener, org.springframework.boot.test.autoconfigure.restdocs.RestDocsTestExecutionListener, org.springframework.boot.test.autoconfigure.web.client.MockRestServiceServerResetTestExecutionListener, org.springframework.boot.test.autoconfigure.web.servlet.MockMvcPrintOnlyOnFailureTestExecutionListener, org.springframework.boot.test.autoconfigure.web.servlet.WebDriverTestExecutionListener, org.springframework.boot.test.mock.mockito.MockitoTestExecutionListener, org.springframework.boot.test.mock.mockito.ResetMocksTestExecutionListener, org.springframework.test.context.web.ServletTestExecutionListener, org.springframework.test.context.support.DirtiesContextBeforeModesTestExecutionListener, org.springframework.test.context.support.DependencyInjectionTestExecutionListener, org.springframework.test.context.support.DirtiesContextTestExecutionListener, org.springframework.test.context.transaction.TransactionalTestExecutionListener, org.springframework.test.context.jdbc.SqlScriptsTestExecutionListener]
2022-09-02 12:43:36.461  INFO 10930 --- [    Test worker] .b.t.a.w.s.WebMvcTestContextBootstrapper : Using TestExecutionListeners: [org.springframework.test.context.web.ServletTestExecutionListener@6b1cda18, org.springframework.test.context.support.DirtiesContextBeforeModesTestExecutionListener@54ed12f0, org.springframework.boot.test.mock.mockito.MockitoTestExecutionListener@177c5db1, org.springframework.boot.test.autoconfigure.SpringBootDependencyInjectionTestExecutionListener@5e64433d, org.springframework.test.context.support.DirtiesContextTestExecutionListener@53259ef3, org.springframework.test.context.transaction.TransactionalTestExecutionListener@6fe36cf5, org.springframework.test.context.jdbc.SqlScriptsTestExecutionListener@1a07256d, org.springframework.security.test.context.support.WithSecurityContextTestExecutionListener@6606f0bb, org.springframework.security.test.context.support.ReactorContextTestExecutionListener@192b288e, org.springframework.boot.test.autoconfigure.restdocs.RestDocsTestExecutionListener@6ddb7b9a, org.springframework.boot.test.autoconfigure.web.client.MockRestServiceServerResetTestExecutionListener@4ed40701, org.springframework.boot.test.autoconfigure.web.servlet.MockMvcPrintOnlyOnFailureTestExecutionListener@1f06b548, org.springframework.boot.test.autoconfigure.web.servlet.WebDriverTestExecutionListener@5fa9917e, org.springframework.boot.test.mock.mockito.ResetMocksTestExecutionListener@699836ba]

  .   ____          _            __ _ _
 /\\ / ___'_ __ _ _(_)_ __  __ _ \ \ \ \
( ( )\___ | '_ | '_| | '_ \/ _` | \ \ \ \
 \\/  ___)| |_)| | | | | || (_| |  ) ) ) )
  '  |____| .__|_| |_|_| |_\__, | / / / /
 =========|_|==============|___/=/_/_/_/
 :: Spring Boot ::        (v2.1.7.RELEASE)

2022-09-02 12:43:36.477  INFO 10930 --- [    Test worker] c.j.b.s.web.HelloControllerTest          : Starting HelloControllerTest on songjaeheon-ThinkPad-E14-Gen-3 with PID 10930 (started by songjaeheon in /home/songjaeheon/play/freelec-springboot2-webservice)
2022-09-02 12:43:36.478  INFO 10930 --- [    Test worker] c.j.b.s.web.HelloControllerTest          : No active profile set, falling back to default profiles: default
2022-09-02 12:43:36.807  INFO 10930 --- [    Test worker] o.s.s.concurrent.ThreadPoolTaskExecutor  : Initializing ExecutorService 'applicationTaskExecutor'
2022-09-02 12:43:36.831  INFO 10930 --- [    Test worker] o.s.b.a.w.s.WelcomePageHandlerMapping    : Adding welcome page template: index
2022-09-02 12:43:36.964  INFO 10930 --- [    Test worker] .s.s.UserDetailsServiceAutoConfiguration : 

Using generated security password: 9b43613e-3779-484f-b868-047f276953c3

2022-09-02 12:43:37.072  INFO 10930 --- [    Test worker] o.s.s.web.DefaultSecurityFilterChain     : Creating filter chain: any request, [org.springframework.security.web.context.request.async.WebAsyncManagerIntegrationFilter@12c69dea, org.springframework.security.web.context.SecurityContextPersistenceFilter@6d71f2b7, org.springframework.security.web.header.HeaderWriterFilter@7424be59, org.springframework.security.web.csrf.CsrfFilter@74432c54, org.springframework.security.web.authentication.logout.LogoutFilter@321eab23, org.springframework.security.web.authentication.UsernamePasswordAuthenticationFilter@1f02128a, org.springframework.security.web.authentication.ui.DefaultLoginPageGeneratingFilter@3c46e8d6, org.springframework.security.web.authentication.ui.DefaultLogoutPageGeneratingFilter@6051581a, org.springframework.security.web.authentication.www.BasicAuthenticationFilter@61eb927c, org.springframework.security.web.savedrequest.RequestCacheAwareFilter@341877f9, org.springframework.security.web.servletapi.SecurityContextHolderAwareRequestFilter@659fc155, org.springframework.security.web.authentication.AnonymousAuthenticationFilter@5d144e1e, org.springframework.security.web.session.SessionManagementFilter@19e81d05, org.springframework.security.web.access.ExceptionTranslationFilter@6e76f8d8, org.springframework.security.web.access.intercept.FilterSecurityInterceptor@92ebcd4]
2022-09-02 12:43:37.084  INFO 10930 --- [    Test worker] o.s.b.t.m.w.SpringBootMockServletContext : Initializing Spring TestDispatcherServlet ''
2022-09-02 12:43:37.085  INFO 10930 --- [    Test worker] o.s.t.web.servlet.TestDispatcherServlet  : Initializing Servlet ''
2022-09-02 12:43:37.087  INFO 10930 --- [    Test worker] o.s.t.web.servlet.TestDispatcherServlet  : Completed initialization in 2 ms
2022-09-02 12:43:37.111  INFO 10930 --- [    Test worker] c.j.b.s.web.HelloControllerTest          : Started HelloControllerTest in 0.648 seconds (JVM running for 9.236)
]]></system-out>
  <system-err><![CDATA[]]></system-err>
</testsuite>
