<?xml version="1.0" encoding="UTF-8"?>
<testsuite name="com.jojoldu.book.springboot.web.HelloControllerTest" tests="2" skipped="0" failures="0" errors="0" timestamp="2022-09-02T03:58:37" hostname="songjaeheon-ThinkPad-E14-Gen-3" time="0.045">
  <properties/>
  <testcase name="hello가_리턴된다" classname="com.jojoldu.book.springboot.web.HelloControllerTest" time="0.017"/>
  <testcase name="helloDto가_리턴된다" classname="com.jojoldu.book.springboot.web.HelloControllerTest" time="0.027"/>
  <system-out><![CDATA[2022-09-02 12:58:36.453  INFO 11758 --- [    Test worker] .b.t.a.w.s.WebMvcTestContextBootstrapper : Neither @ContextConfiguration nor @ContextHierarchy found for test class [com.jojoldu.book.springboot.web.HelloControllerTest], using SpringBootContextLoader
2022-09-02 12:58:36.454  INFO 11758 --- [    Test worker] o.s.t.c.support.AbstractContextLoader    : Could not detect default resource locations for test class [com.jojoldu.book.springboot.web.HelloControllerTest]: no resource found for suffixes {-context.xml, Context.groovy}.
2022-09-02 12:58:36.454  INFO 11758 --- [    Test worker] t.c.s.AnnotationConfigContextLoaderUtils : Could not detect default configuration classes for test class [com.jojoldu.book.springboot.web.HelloControllerTest]: HelloControllerTest does not declare any static, non-private, non-final, nested classes annotated with @Configuration.
2022-09-02 12:58:36.473  INFO 11758 --- [    Test worker] .b.t.c.SpringBootTestContextBootstrapper : Found @SpringBootConfiguration com.jojoldu.book.springboot.Application for test class com.jojoldu.book.springboot.web.HelloControllerTest
2022-09-02 12:58:36.474  INFO 11758 --- [    Test worker] .b.t.a.w.s.WebMvcTestContextBootstrapper : Loaded default TestExecutionListener class names from location [META-INF/spring.factories]: [org.springframework.security.test.context.support.WithSecurityContextTestExecutionListener, org.springframework.security.test.context.support.ReactorContextTestExecutionListener, org.springframework.boot.test.autoconfigure.restdocs.RestDocsTestExecutionListener, org.springframework.boot.test.autoconfigure.web.client.MockRestServiceServerResetTestExecutionListener, org.springframework.boot.test.autoconfigure.web.servlet.MockMvcPrintOnlyOnFailureTestExecutionListener, org.springframework.boot.test.autoconfigure.web.servlet.WebDriverTestExecutionListener, org.springframework.boot.test.mock.mockito.MockitoTestExecutionListener, org.springframework.boot.test.mock.mockito.ResetMocksTestExecutionListener, org.springframework.test.context.web.ServletTestExecutionListener, org.springframework.test.context.support.DirtiesContextBeforeModesTestExecutionListener, org.springframework.test.context.support.DependencyInjectionTestExecutionListener, org.springframework.test.context.support.DirtiesContextTestExecutionListener, org.springframework.test.context.transaction.TransactionalTestExecutionListener, org.springframework.test.context.jdbc.SqlScriptsTestExecutionListener]
2022-09-02 12:58:36.475  INFO 11758 --- [    Test worker] .b.t.a.w.s.WebMvcTestContextBootstrapper : Using TestExecutionListeners: [org.springframework.test.context.web.ServletTestExecutionListener@4c75a9dc, org.springframework.test.context.support.DirtiesContextBeforeModesTestExecutionListener@2bce85dd, org.springframework.boot.test.mock.mockito.MockitoTestExecutionListener@65ca52d5, org.springframework.boot.test.autoconfigure.SpringBootDependencyInjectionTestExecutionListener@3ae05411, org.springframework.test.context.support.DirtiesContextTestExecutionListener@5b3a21d8, org.springframework.test.context.transaction.TransactionalTestExecutionListener@405b70f, org.springframework.test.context.jdbc.SqlScriptsTestExecutionListener@336e11a0, org.springframework.security.test.context.support.WithSecurityContextTestExecutionListener@b168b00, org.springframework.security.test.context.support.ReactorContextTestExecutionListener@1285f5b, org.springframework.boot.test.autoconfigure.restdocs.RestDocsTestExecutionListener@28bc2dbe, org.springframework.boot.test.autoconfigure.web.client.MockRestServiceServerResetTestExecutionListener@6b1cda18, org.springframework.boot.test.autoconfigure.web.servlet.MockMvcPrintOnlyOnFailureTestExecutionListener@54ed12f0, org.springframework.boot.test.autoconfigure.web.servlet.WebDriverTestExecutionListener@177c5db1, org.springframework.boot.test.mock.mockito.ResetMocksTestExecutionListener@5e64433d]

  .   ____          _            __ _ _
 /\\ / ___'_ __ _ _(_)_ __  __ _ \ \ \ \
( ( )\___ | '_ | '_| | '_ \/ _` | \ \ \ \
 \\/  ___)| |_)| | | | | || (_| |  ) ) ) )
  '  |____| .__|_| |_|_| |_\__, | / / / /
 =========|_|==============|___/=/_/_/_/
 :: Spring Boot ::        (v2.1.7.RELEASE)

2022-09-02 12:58:36.496  INFO 11758 --- [    Test worker] c.j.b.s.web.HelloControllerTest          : Starting HelloControllerTest on songjaeheon-ThinkPad-E14-Gen-3 with PID 11758 (started by songjaeheon in /home/songjaeheon/play/freelec-springboot2-webservice)
2022-09-02 12:58:36.497  INFO 11758 --- [    Test worker] c.j.b.s.web.HelloControllerTest          : No active profile set, falling back to default profiles: default
2022-09-02 12:58:36.845  INFO 11758 --- [    Test worker] o.s.s.concurrent.ThreadPoolTaskExecutor  : Initializing ExecutorService 'applicationTaskExecutor'
2022-09-02 12:58:36.868  INFO 11758 --- [    Test worker] o.s.b.a.w.s.WelcomePageHandlerMapping    : Adding welcome page template: index
2022-09-02 12:58:37.018  INFO 11758 --- [    Test worker] .s.s.UserDetailsServiceAutoConfiguration : 

Using generated security password: 21e819bf-9479-4175-b172-a248b8985d9d

2022-09-02 12:58:37.100  INFO 11758 --- [    Test worker] o.s.s.web.DefaultSecurityFilterChain     : Creating filter chain: any request, [org.springframework.security.web.context.request.async.WebAsyncManagerIntegrationFilter@2990422d, org.springframework.security.web.context.SecurityContextPersistenceFilter@6639ac5e, org.springframework.security.web.header.HeaderWriterFilter@3db8f8e3, org.springframework.security.web.csrf.CsrfFilter@59b377df, org.springframework.security.web.authentication.logout.LogoutFilter@5f65611e, org.springframework.security.web.authentication.UsernamePasswordAuthenticationFilter@341877f9, org.springframework.security.web.authentication.ui.DefaultLoginPageGeneratingFilter@2222700a, org.springframework.security.web.authentication.ui.DefaultLogoutPageGeneratingFilter@321eab23, org.springframework.security.web.authentication.www.BasicAuthenticationFilter@3c46e8d6, org.springframework.security.web.savedrequest.RequestCacheAwareFilter@1cfc3200, org.springframework.security.web.servletapi.SecurityContextHolderAwareRequestFilter@66f9be9c, org.springframework.security.web.authentication.AnonymousAuthenticationFilter@3915e5ee, org.springframework.security.web.session.SessionManagementFilter@7ff76d04, org.springframework.security.web.access.ExceptionTranslationFilter@6a521da4, org.springframework.security.web.access.intercept.FilterSecurityInterceptor@6d71f2b7]
2022-09-02 12:58:37.110  INFO 11758 --- [    Test worker] o.s.b.t.m.w.SpringBootMockServletContext : Initializing Spring TestDispatcherServlet ''
2022-09-02 12:58:37.111  INFO 11758 --- [    Test worker] o.s.t.web.servlet.TestDispatcherServlet  : Initializing Servlet ''
2022-09-02 12:58:37.113  INFO 11758 --- [    Test worker] o.s.t.web.servlet.TestDispatcherServlet  : Completed initialization in 2 ms
2022-09-02 12:58:37.133  INFO 11758 --- [    Test worker] c.j.b.s.web.HelloControllerTest          : Started HelloControllerTest in 0.655 seconds (JVM running for 9.401)
]]></system-out>
  <system-err><![CDATA[]]></system-err>
</testsuite>
