<?xml version="1.0" encoding="UTF-8"?>
<testsuite name="com.jojoldu.book.springboot.web.HelloControllerTest" tests="2" skipped="0" failures="0" errors="0" timestamp="2022-09-02T02:30:01" hostname="songjaeheon-ThinkPad-E14-Gen-3" time="0.074">
  <properties/>
  <testcase name="hello가_리턴된다" classname="com.jojoldu.book.springboot.web.HelloControllerTest" time="0.024"/>
  <testcase name="helloDto가_리턴된다" classname="com.jojoldu.book.springboot.web.HelloControllerTest" time="0.048"/>
  <system-out><![CDATA[2022-09-02 11:30:00.745  INFO 7591 --- [    Test worker] .b.t.a.w.s.WebMvcTestContextBootstrapper : Neither @ContextConfiguration nor @ContextHierarchy found for test class [com.jojoldu.book.springboot.web.HelloControllerTest], using SpringBootContextLoader
2022-09-02 11:30:00.746  INFO 7591 --- [    Test worker] o.s.t.c.support.AbstractContextLoader    : Could not detect default resource locations for test class [com.jojoldu.book.springboot.web.HelloControllerTest]: no resource found for suffixes {-context.xml, Context.groovy}.
2022-09-02 11:30:00.747  INFO 7591 --- [    Test worker] t.c.s.AnnotationConfigContextLoaderUtils : Could not detect default configuration classes for test class [com.jojoldu.book.springboot.web.HelloControllerTest]: HelloControllerTest does not declare any static, non-private, non-final, nested classes annotated with @Configuration.
2022-09-02 11:30:00.765  INFO 7591 --- [    Test worker] .b.t.c.SpringBootTestContextBootstrapper : Found @SpringBootConfiguration com.jojoldu.book.springboot.Application for test class com.jojoldu.book.springboot.web.HelloControllerTest
2022-09-02 11:30:00.766  INFO 7591 --- [    Test worker] .b.t.a.w.s.WebMvcTestContextBootstrapper : Loaded default TestExecutionListener class names from location [META-INF/spring.factories]: [org.springframework.security.test.context.support.WithSecurityContextTestExecutionListener, org.springframework.security.test.context.support.ReactorContextTestExecutionListener, org.springframework.boot.test.autoconfigure.restdocs.RestDocsTestExecutionListener, org.springframework.boot.test.autoconfigure.web.client.MockRestServiceServerResetTestExecutionListener, org.springframework.boot.test.autoconfigure.web.servlet.MockMvcPrintOnlyOnFailureTestExecutionListener, org.springframework.boot.test.autoconfigure.web.servlet.WebDriverTestExecutionListener, org.springframework.boot.test.mock.mockito.MockitoTestExecutionListener, org.springframework.boot.test.mock.mockito.ResetMocksTestExecutionListener, org.springframework.test.context.web.ServletTestExecutionListener, org.springframework.test.context.support.DirtiesContextBeforeModesTestExecutionListener, org.springframework.test.context.support.DependencyInjectionTestExecutionListener, org.springframework.test.context.support.DirtiesContextTestExecutionListener, org.springframework.test.context.transaction.TransactionalTestExecutionListener, org.springframework.test.context.jdbc.SqlScriptsTestExecutionListener]
2022-09-02 11:30:00.767  INFO 7591 --- [    Test worker] .b.t.a.w.s.WebMvcTestContextBootstrapper : Using TestExecutionListeners: [org.springframework.test.context.web.ServletTestExecutionListener@29e53d96, org.springframework.test.context.support.DirtiesContextBeforeModesTestExecutionListener@4f9ded5c, org.springframework.boot.test.mock.mockito.MockitoTestExecutionListener@20f6588, org.springframework.boot.test.autoconfigure.SpringBootDependencyInjectionTestExecutionListener@594da7ad, org.springframework.test.context.support.DirtiesContextTestExecutionListener@59c4389f, org.springframework.test.context.transaction.TransactionalTestExecutionListener@7913c9f6, org.springframework.test.context.jdbc.SqlScriptsTestExecutionListener@c9c079, org.springframework.security.test.context.support.WithSecurityContextTestExecutionListener@340d6f02, org.springframework.security.test.context.support.ReactorContextTestExecutionListener@4c75a9dc, org.springframework.boot.test.autoconfigure.restdocs.RestDocsTestExecutionListener@2bce85dd, org.springframework.boot.test.autoconfigure.web.client.MockRestServiceServerResetTestExecutionListener@65ca52d5, org.springframework.boot.test.autoconfigure.web.servlet.MockMvcPrintOnlyOnFailureTestExecutionListener@3ae05411, org.springframework.boot.test.autoconfigure.web.servlet.WebDriverTestExecutionListener@5b3a21d8, org.springframework.boot.test.mock.mockito.ResetMocksTestExecutionListener@405b70f]

  .   ____          _            __ _ _
 /\\ / ___'_ __ _ _(_)_ __  __ _ \ \ \ \
( ( )\___ | '_ | '_| | '_ \/ _` | \ \ \ \
 \\/  ___)| |_)| | | | | || (_| |  ) ) ) )
  '  |____| .__|_| |_|_| |_\__, | / / / /
 =========|_|==============|___/=/_/_/_/
 :: Spring Boot ::        (v2.1.7.RELEASE)

2022-09-02 11:30:00.826  INFO 7591 --- [    Test worker] c.j.b.s.web.HelloControllerTest          : Starting HelloControllerTest on songjaeheon-ThinkPad-E14-Gen-3 with PID 7591 (started by songjaeheon in /home/songjaeheon/play/freelec-springboot2-webservice)
2022-09-02 11:30:00.827  INFO 7591 --- [    Test worker] c.j.b.s.web.HelloControllerTest          : No active profile set, falling back to default profiles: default
2022-09-02 11:30:01.166  INFO 7591 --- [    Test worker] o.s.s.concurrent.ThreadPoolTaskExecutor  : Initializing ExecutorService 'applicationTaskExecutor'
2022-09-02 11:30:01.189  INFO 7591 --- [    Test worker] o.s.b.a.w.s.WelcomePageHandlerMapping    : Adding welcome page template: index
2022-09-02 11:30:01.358  INFO 7591 --- [    Test worker] .s.s.UserDetailsServiceAutoConfiguration : 

Using generated security password: a0aa2571-28af-40fd-bc40-c0087c459615

2022-09-02 11:30:01.478  INFO 7591 --- [    Test worker] o.s.s.web.DefaultSecurityFilterChain     : Creating filter chain: any request, [org.springframework.security.web.context.request.async.WebAsyncManagerIntegrationFilter@6e76f8d8, org.springframework.security.web.context.SecurityContextPersistenceFilter@c03ef33, org.springframework.security.web.header.HeaderWriterFilter@6a909dba, org.springframework.security.web.csrf.CsrfFilter@18123e3e, org.springframework.security.web.authentication.logout.LogoutFilter@3db8f8e3, org.springframework.security.web.authentication.UsernamePasswordAuthenticationFilter@2222700a, org.springframework.security.web.authentication.ui.DefaultLoginPageGeneratingFilter@59b377df, org.springframework.security.web.authentication.ui.DefaultLogoutPageGeneratingFilter@7424be59, org.springframework.security.web.authentication.www.BasicAuthenticationFilter@74432c54, org.springframework.security.web.savedrequest.RequestCacheAwareFilter@104359f, org.springframework.security.web.servletapi.SecurityContextHolderAwareRequestFilter@6f970548, org.springframework.security.web.authentication.AnonymousAuthenticationFilter@19e81d05, org.springframework.security.web.session.SessionManagementFilter@63fabd18, org.springframework.security.web.access.ExceptionTranslationFilter@24c539fd, org.springframework.security.web.access.intercept.FilterSecurityInterceptor@66f9be9c]
2022-09-02 11:30:01.491  INFO 7591 --- [    Test worker] o.s.b.t.m.w.SpringBootMockServletContext : Initializing Spring TestDispatcherServlet ''
2022-09-02 11:30:01.491  INFO 7591 --- [    Test worker] o.s.t.web.servlet.TestDispatcherServlet  : Initializing Servlet ''
2022-09-02 11:30:01.494  INFO 7591 --- [    Test worker] o.s.t.web.servlet.TestDispatcherServlet  : Completed initialization in 3 ms
2022-09-02 11:30:01.523  INFO 7591 --- [    Test worker] c.j.b.s.web.HelloControllerTest          : Started HelloControllerTest in 0.753 seconds (JVM running for 9.72)
]]></system-out>
  <system-err><![CDATA[]]></system-err>
</testsuite>
