<?xml version="1.0" encoding="UTF-8"?>
<testsuite name="com.jojoldu.book.springboot.web.domain.posts.PostsRepositoryTest" tests="2" skipped="0" failures="0" errors="0" timestamp="2022-08-28T04:07:04" hostname="songjaeheon-ThinkPad-E14-Gen-3" time="0.25">
  <properties/>
  <testcase name="게시글저장_불러오기" classname="com.jojoldu.book.springboot.web.domain.posts.PostsRepositoryTest" time="0.232"/>
  <testcase name="BaseTimeEntity_등록" classname="com.jojoldu.book.springboot.web.domain.posts.PostsRepositoryTest" time="0.017"/>
  <system-out><![CDATA[2022-08-28 13:06:59.515  INFO 6871 --- [    Test worker] .b.t.c.SpringBootTestContextBootstrapper : Neither @ContextConfiguration nor @ContextHierarchy found for test class [com.jojoldu.book.springboot.web.domain.posts.PostsRepositoryTest], using SpringBootContextLoader
2022-08-28 13:06:59.516  INFO 6871 --- [    Test worker] o.s.t.c.support.AbstractContextLoader    : Could not detect default resource locations for test class [com.jojoldu.book.springboot.web.domain.posts.PostsRepositoryTest]: no resource found for suffixes {-context.xml, Context.groovy}.
2022-08-28 13:06:59.516  INFO 6871 --- [    Test worker] t.c.s.AnnotationConfigContextLoaderUtils : Could not detect default configuration classes for test class [com.jojoldu.book.springboot.web.domain.posts.PostsRepositoryTest]: PostsRepositoryTest does not declare any static, non-private, non-final, nested classes annotated with @Configuration.
2022-08-28 13:06:59.532  INFO 6871 --- [    Test worker] .b.t.c.SpringBootTestContextBootstrapper : Found @SpringBootConfiguration com.jojoldu.book.springboot.Application for test class com.jojoldu.book.springboot.web.domain.posts.PostsRepositoryTest
2022-08-28 13:06:59.535  INFO 6871 --- [    Test worker] .b.t.c.SpringBootTestContextBootstrapper : Loaded default TestExecutionListener class names from location [META-INF/spring.factories]: [org.springframework.security.test.context.support.WithSecurityContextTestExecutionListener, org.springframework.security.test.context.support.ReactorContextTestExecutionListener, org.springframework.boot.test.autoconfigure.restdocs.RestDocsTestExecutionListener, org.springframework.boot.test.autoconfigure.web.client.MockRestServiceServerResetTestExecutionListener, org.springframework.boot.test.autoconfigure.web.servlet.MockMvcPrintOnlyOnFailureTestExecutionListener, org.springframework.boot.test.autoconfigure.web.servlet.WebDriverTestExecutionListener, org.springframework.boot.test.mock.mockito.MockitoTestExecutionListener, org.springframework.boot.test.mock.mockito.ResetMocksTestExecutionListener, org.springframework.test.context.web.ServletTestExecutionListener, org.springframework.test.context.support.DirtiesContextBeforeModesTestExecutionListener, org.springframework.test.context.support.DependencyInjectionTestExecutionListener, org.springframework.test.context.support.DirtiesContextTestExecutionListener, org.springframework.test.context.transaction.TransactionalTestExecutionListener, org.springframework.test.context.jdbc.SqlScriptsTestExecutionListener]
2022-08-28 13:06:59.537  INFO 6871 --- [    Test worker] .b.t.c.SpringBootTestContextBootstrapper : Using TestExecutionListeners: [org.springframework.test.context.web.ServletTestExecutionListener@6413e702, org.springframework.test.context.support.DirtiesContextBeforeModesTestExecutionListener@435594b6, org.springframework.boot.test.mock.mockito.MockitoTestExecutionListener@4acf4cb3, org.springframework.boot.test.autoconfigure.SpringBootDependencyInjectionTestExecutionListener@3b88bb23, org.springframework.test.context.support.DirtiesContextTestExecutionListener@40d860a7, org.springframework.test.context.transaction.TransactionalTestExecutionListener@2f47bc2e, org.springframework.test.context.jdbc.SqlScriptsTestExecutionListener@1fddc7a1, org.springframework.security.test.context.support.WithSecurityContextTestExecutionListener@61f236da, org.springframework.security.test.context.support.ReactorContextTestExecutionListener@62acbf1b, org.springframework.boot.test.autoconfigure.restdocs.RestDocsTestExecutionListener@7018c9ac, org.springframework.boot.test.autoconfigure.web.client.MockRestServiceServerResetTestExecutionListener@109f8c1, org.springframework.boot.test.autoconfigure.web.servlet.MockMvcPrintOnlyOnFailureTestExecutionListener@71bd5adc, org.springframework.boot.test.autoconfigure.web.servlet.WebDriverTestExecutionListener@766e7797, org.springframework.boot.test.mock.mockito.ResetMocksTestExecutionListener@400d855f]

  .   ____          _            __ _ _
 /\\ / ___'_ __ _ _(_)_ __  __ _ \ \ \ \
( ( )\___ | '_ | '_| | '_ \/ _` | \ \ \ \
 \\/  ___)| |_)| | | | | || (_| |  ) ) ) )
  '  |____| .__|_| |_|_| |_\__, | / / / /
 =========|_|==============|___/=/_/_/_/
 :: Spring Boot ::        (v2.1.7.RELEASE)

2022-08-28 13:06:59.561  INFO 6871 --- [    Test worker] c.j.b.s.w.d.posts.PostsRepositoryTest    : Starting PostsRepositoryTest on songjaeheon-ThinkPad-E14-Gen-3 with PID 6871 (started by songjaeheon in /home/songjaeheon/play/freelec-springboot2-webservice)
2022-08-28 13:06:59.562  INFO 6871 --- [    Test worker] c.j.b.s.w.d.posts.PostsRepositoryTest    : No active profile set, falling back to default profiles: default
2022-08-28 13:07:00.059  INFO 6871 --- [    Test worker] .s.d.r.c.RepositoryConfigurationDelegate : Bootstrapping Spring Data repositories in DEFAULT mode.
2022-08-28 13:07:00.135  INFO 6871 --- [    Test worker] .s.d.r.c.RepositoryConfigurationDelegate : Finished Spring Data repository scanning in 64ms. Found 2 repository interfaces.
2022-08-28 13:07:00.484  INFO 6871 --- [    Test worker] trationDelegate$BeanPostProcessorChecker : Bean 'org.springframework.transaction.annotation.ProxyTransactionManagementConfiguration' of type [org.springframework.transaction.annotation.ProxyTransactionManagementConfiguration$$EnhancerBySpringCGLIB$$7970050f] is not eligible for getting processed by all BeanPostProcessors (for example: not eligible for auto-proxying)
2022-08-28 13:07:00.735  INFO 6871 --- [    Test worker] com.zaxxer.hikari.HikariDataSource       : HikariPool-1 - Starting...
2022-08-28 13:07:00.949  INFO 6871 --- [    Test worker] com.zaxxer.hikari.HikariDataSource       : HikariPool-1 - Start completed.
2022-08-28 13:07:01.082  INFO 6871 --- [    Test worker] o.hibernate.jpa.internal.util.LogHelper  : HHH000204: Processing PersistenceUnitInfo [
	name: default
	...]
2022-08-28 13:07:01.179  INFO 6871 --- [    Test worker] org.hibernate.Version                    : HHH000412: Hibernate Core {5.3.10.Final}
2022-08-28 13:07:01.182  INFO 6871 --- [    Test worker] org.hibernate.cfg.Environment            : HHH000206: hibernate.properties not found
2022-08-28 13:07:01.255  INFO 6871 --- [    Test worker] o.hibernate.annotations.common.Version   : HCANN000001: Hibernate Commons Annotations {5.0.4.Final}
2022-08-28 13:07:01.518  INFO 6871 --- [    Test worker] org.hibernate.dialect.Dialect            : HHH000400: Using dialect: org.hibernate.dialect.MySQL5InnoDBDialect
Hibernate: drop table if exists posts
Hibernate: drop table if exists user
Hibernate: create table posts (id bigint not null auto_increment, create_date datetime, modified_date datetime, author varchar(255), content TEXT not null, title varchar(500) not null, primary key (id)) engine=InnoDB
Hibernate: create table user (id bigint not null auto_increment, email varchar(255) not null, name varchar(255) not null, picture varchar(255), role varchar(255) not null, primary key (id)) engine=InnoDB
2022-08-28 13:07:02.400  INFO 6871 --- [    Test worker] o.h.t.schema.internal.SchemaCreatorImpl  : HHH000476: Executing import script 'org.hibernate.tool.schema.internal.exec.ScriptSourceInputNonExistentImpl@23cd2ef1'
2022-08-28 13:07:02.403  INFO 6871 --- [    Test worker] j.LocalContainerEntityManagerFactoryBean : Initialized JPA EntityManagerFactory for persistence unit 'default'
2022-08-28 13:07:02.953  INFO 6871 --- [    Test worker] o.h.h.i.QueryTranslatorFactoryInitiator  : HHH000397: Using ASTQueryTranslatorFactory
2022-08-28 13:07:03.262  INFO 6871 --- [    Test worker] o.s.s.web.DefaultSecurityFilterChain     : Creating filter chain: any request, [org.springframework.security.web.context.request.async.WebAsyncManagerIntegrationFilter@73f145be, org.springframework.security.web.context.SecurityContextPersistenceFilter@49e2110e, org.springframework.security.web.header.HeaderWriterFilter@1508e3a5, org.springframework.security.web.authentication.logout.LogoutFilter@436851d6, org.springframework.security.oauth2.client.web.OAuth2AuthorizationRequestRedirectFilter@721c1a93, org.springframework.security.oauth2.client.web.OAuth2LoginAuthenticationFilter@338f7b8e, org.springframework.security.web.authentication.ui.DefaultLoginPageGeneratingFilter@1a5b49f2, org.springframework.security.web.authentication.ui.DefaultLogoutPageGeneratingFilter@267f0df7, org.springframework.security.web.savedrequest.RequestCacheAwareFilter@7fd05bb4, org.springframework.security.web.servletapi.SecurityContextHolderAwareRequestFilter@2d179a20, org.springframework.security.web.authentication.AnonymousAuthenticationFilter@6ee451bd, org.springframework.security.web.session.SessionManagementFilter@39d1c55d, org.springframework.security.web.access.ExceptionTranslationFilter@40fecf41, org.springframework.security.web.access.intercept.FilterSecurityInterceptor@10ad730]
2022-08-28 13:07:03.625  INFO 6871 --- [    Test worker] o.s.s.concurrent.ThreadPoolTaskExecutor  : Initializing ExecutorService 'applicationTaskExecutor'
2022-08-28 13:07:03.643  WARN 6871 --- [    Test worker] aWebConfiguration$JpaWebMvcConfiguration : spring.jpa.open-in-view is enabled by default. Therefore, database queries may be performed during view rendering. Explicitly configure spring.jpa.open-in-view to disable this warning
2022-08-28 13:07:03.675  INFO 6871 --- [    Test worker] o.s.b.a.w.s.WelcomePageHandlerMapping    : Adding welcome page template: index
2022-08-28 13:07:04.083  INFO 6871 --- [    Test worker] s.a.ScheduledAnnotationBeanPostProcessor : No TaskScheduler/ScheduledExecutorService bean found for scheduled processing
2022-08-28 13:07:04.093  INFO 6871 --- [    Test worker] c.j.b.s.w.d.posts.PostsRepositoryTest    : Started PostsRepositoryTest in 4.554 seconds (JVM running for 9.212)
Hibernate: insert into posts (create_date, modified_date, author, content, title) values (?, ?, ?, ?, ?)
Hibernate: select posts0_.id as id1_0_, posts0_.create_date as create_d2_0_, posts0_.modified_date as modified3_0_, posts0_.author as author4_0_, posts0_.content as content5_0_, posts0_.title as title6_0_ from posts posts0_
Hibernate: select posts0_.id as id1_0_, posts0_.create_date as create_d2_0_, posts0_.modified_date as modified3_0_, posts0_.author as author4_0_, posts0_.content as content5_0_, posts0_.title as title6_0_ from posts posts0_
Hibernate: delete from posts where id=?
Hibernate: insert into posts (create_date, modified_date, author, content, title) values (?, ?, ?, ?, ?)
Hibernate: select posts0_.id as id1_0_, posts0_.create_date as create_d2_0_, posts0_.modified_date as modified3_0_, posts0_.author as author4_0_, posts0_.content as content5_0_, posts0_.title as title6_0_ from posts posts0_
>>>>>>>> createDate=2022-08-28T13:07:04.335,modifiedDate=2022-08-28T13:07:04.335
Hibernate: select posts0_.id as id1_0_, posts0_.create_date as create_d2_0_, posts0_.modified_date as modified3_0_, posts0_.author as author4_0_, posts0_.content as content5_0_, posts0_.title as title6_0_ from posts posts0_
Hibernate: delete from posts where id=?
]]></system-out>
  <system-err><![CDATA[]]></system-err>
</testsuite>
